<?xml version="1.0" encoding="UTF-8"?>
<!-- Generated by org.testng.reporters.JUnitReportReporter -->
<testsuite name="main.tests.VerifyGetUsersPage" tests="2" time="1.420" ignored="2" failures="0" timestamp="20 Dec 2016 09:40:50 GMT" skipped="0" hostname="kkapil-osx-1" errors="0">
  <testcase name="verifyPerPageResults" time="0.960" classname="main.tests.VerifyGetUsersPage"/>
  <testcase name="verifyPageNumber" time="0.460" classname="main.tests.VerifyGetUsersPage"/>
  <testcase name="verifyEmptyLogin" classname="main.tests.VerifyPostLoginCredentials">
    <skipped/>
  </testcase> <!-- verifyEmptyLogin -->
  <testcase name="verifyInvalidLogin" classname="main.tests.VerifyPostLoginCredentials">
    <skipped/>
  </testcase> <!-- verifyInvalidLogin -->
</testsuite> <!-- main.tests.VerifyGetUsersPage -->
