<?xml version="1.0" encoding="UTF-8"?>
<!-- Generated by org.testng.reporters.JUnitReportReporter -->
<testsuite name="main.tests.VerifyPostLoginCredentials" tests="1" time="1.030" ignored="2" failures="0" timestamp="20 Dec 2016 09:43:37 GMT" skipped="0" hostname="kkapil-osx-1" errors="0">
  <testcase name="verifySuccessfullLogin" time="1.030" classname="main.tests.VerifyPostLoginCredentials"/>
  <testcase name="verifyEmptyLogin" classname="main.tests.VerifyPostLoginCredentials">
    <skipped/>
  </testcase> <!-- verifyEmptyLogin -->
  <testcase name="verifyInvalidLogin" classname="main.tests.VerifyPostLoginCredentials">
    <skipped/>
  </testcase> <!-- verifyInvalidLogin -->
</testsuite> <!-- main.tests.VerifyPostLoginCredentials -->
